<?xml version="1.0" encoding="UTF-8"?>
<!-- Generated by org.testng.reporters.JUnitXMLReporter -->
<testsuite hostname="TTC728LPTA" name="Command line test" tests="2" failures="1" timestamp="7 Sep 2018 13:48:46 GMT" time="61.303" errors="0">
  <testcase name="PurchaseFirtDress" time="15.218" classname="com.CorwdTwistTestCases.CheckOutTest"/>
  <testcase name="NewUserRegistrationTest" time="30.387" classname="com.CorwdTwistTestCases.CrowdTwistNewUserRegistrationTest">
    <failure type="java.lang.NullPointerException">
      <![CDATA[java.lang.NullPointerException
	at com.TestMethods.CrowdTwistNewUserRegistraionPage.NewUserRegistration(CrowdTwistNewUserRegistraionPage.java:82)
	at com.CorwdTwistTestCases.CrowdTwistNewUserRegistrationTest.NewUserRegistrationTest(CrowdTwistNewUserRegistrationTest.java:42)
... Removed 34 stack frames]]>
    </failure>
  </testcase> <!-- NewUserRegistrationTest -->
</testsuite> <!-- Command line test -->
