<?xml version="1.0" encoding="UTF-8"?>
<testng-results skipped="0" failed="1" total="2" passed="1">
  <reporter-output>
  </reporter-output>
  <suite name="Command line suite" duration-ms="61303" started-at="2018-09-07T13:47:45Z" finished-at="2018-09-07T13:48:46Z">
    <groups>
    </groups>
    <test name="Command line test" duration-ms="61303" started-at="2018-09-07T13:47:45Z" finished-at="2018-09-07T13:48:46Z">
      <class name="com.CorwdTwistTestCases.CheckOutTest">
        <test-method status="PASS" signature="setUp()[pri:0, instance:com.CorwdTwistTestCases.CheckOutTest@2b98378d]" name="setUp" is-config="true" duration-ms="7363" started-at="2018-09-07T09:47:45Z" finished-at="2018-09-07T09:47:52Z">
          <reporter-output>
          </reporter-output>
        </test-method> <!-- setUp -->
        <test-method status="PASS" signature="PurchaseFirtDress()[pri:0, instance:com.CorwdTwistTestCases.CheckOutTest@2b98378d]" name="PurchaseFirtDress" duration-ms="15218" started-at="2018-09-07T09:47:52Z" description="This test will purchase the first on the Home page" finished-at="2018-09-07T09:48:08Z">
          <reporter-output>
          </reporter-output>
        </test-method> <!-- PurchaseFirtDress -->
        <test-method status="PASS" signature="teardown()[pri:0, instance:com.CorwdTwistTestCases.CheckOutTest@2b98378d]" name="teardown" is-config="true" duration-ms="1439" started-at="2018-09-07T09:48:08Z" finished-at="2018-09-07T09:48:09Z">
          <reporter-output>
          </reporter-output>
        </test-method> <!-- teardown -->
      </class> <!-- com.CorwdTwistTestCases.CheckOutTest -->
      <class name="com.CorwdTwistTestCases.CrowdTwistNewUserRegistrationTest">
        <test-method status="PASS" signature="setUp()[pri:0, instance:com.CorwdTwistTestCases.CrowdTwistNewUserRegistrationTest@475530b9]" name="setUp" is-config="true" duration-ms="6216" started-at="2018-09-07T09:48:09Z" finished-at="2018-09-07T09:48:15Z">
          <reporter-output>
          </reporter-output>
        </test-method> <!-- setUp -->
        <test-method status="FAIL" signature="NewUserRegistrationTest()[pri:0, instance:com.CorwdTwistTestCases.CrowdTwistNewUserRegistrationTest@475530b9]" name="NewUserRegistrationTest" duration-ms="30387" started-at="2018-09-07T09:48:15Z" finished-at="2018-09-07T09:48:46Z">
          <exception class="java.lang.NullPointerException">
            <full-stacktrace>
              <![CDATA[java.lang.NullPointerException
	at com.TestMethods.CrowdTwistNewUserRegistraionPage.NewUserRegistration(CrowdTwistNewUserRegistraionPage.java:82)
	at com.CorwdTwistTestCases.CrowdTwistNewUserRegistrationTest.NewUserRegistrationTest(CrowdTwistNewUserRegistrationTest.java:42)
	at sun.reflect.NativeMethodAccessorImpl.invoke0(Native Method)
	at sun.reflect.NativeMethodAccessorImpl.invoke(NativeMethodAccessorImpl.java:62)
	at sun.reflect.DelegatingMethodAccessorImpl.invoke(DelegatingMethodAccessorImpl.java:43)
	at java.lang.reflect.Method.invoke(Method.java:498)
	at org.testng.internal.MethodInvocationHelper.invokeMethod(MethodInvocationHelper.java:86)
	at org.testng.internal.Invoker.invokeMethod(Invoker.java:643)
	at org.testng.internal.Invoker.invokeTestMethod(Invoker.java:820)
	at org.testng.internal.Invoker.invokeTestMethods(Invoker.java:1128)
	at org.testng.internal.TestMethodWorker.invokeTestMethods(TestMethodWorker.java:129)
	at org.testng.internal.TestMethodWorker.run(TestMethodWorker.java:112)
	at org.testng.TestRunner.privateRun(TestRunner.java:782)
	at org.testng.TestRunner.run(TestRunner.java:632)
	at org.testng.SuiteRunner.runTest(SuiteRunner.java:366)
	at org.testng.SuiteRunner.runSequentially(SuiteRunner.java:361)
	at org.testng.SuiteRunner.privateRun(SuiteRunner.java:319)
	at org.testng.SuiteRunner.run(SuiteRunner.java:268)
	at org.testng.SuiteRunnerWorker.runSuite(SuiteRunnerWorker.java:52)
	at org.testng.SuiteRunnerWorker.run(SuiteRunnerWorker.java:86)
	at org.testng.TestNG.runSuitesSequentially(TestNG.java:1244)
	at org.testng.TestNG.runSuitesLocally(TestNG.java:1169)
	at org.testng.TestNG.run(TestNG.java:1064)
	at org.apache.maven.surefire.testng.TestNGExecutor.run(TestNGExecutor.java:77)
	at org.apache.maven.surefire.testng.TestNGDirectoryTestSuite.executeMulti(TestNGDirectoryTestSuite.java:159)
	at org.apache.maven.surefire.testng.TestNGDirectoryTestSuite.execute(TestNGDirectoryTestSuite.java:99)
	at org.apache.maven.surefire.testng.TestNGProvider.invoke(TestNGProvider.java:106)
	at sun.reflect.NativeMethodAccessorImpl.invoke0(Native Method)
	at sun.reflect.NativeMethodAccessorImpl.invoke(NativeMethodAccessorImpl.java:62)
	at sun.reflect.DelegatingMethodAccessorImpl.invoke(DelegatingMethodAccessorImpl.java:43)
	at java.lang.reflect.Method.invoke(Method.java:498)
	at org.apache.maven.surefire.util.ReflectionUtils.invokeMethodWithArray(ReflectionUtils.java:189)
	at org.apache.maven.surefire.booter.ProviderFactory$ProviderProxy.invoke(ProviderFactory.java:165)
	at org.apache.maven.surefire.booter.ProviderFactory.invokeProvider(ProviderFactory.java:85)
	at org.apache.maven.surefire.booter.ForkedBooter.runSuitesInProcess(ForkedBooter.java:115)
	at org.apache.maven.surefire.booter.ForkedBooter.main(ForkedBooter.java:75)
]]>
            </full-stacktrace>
          </exception> <!-- java.lang.NullPointerException -->
          <reporter-output>
          </reporter-output>
        </test-method> <!-- NewUserRegistrationTest -->
        <test-method status="PASS" signature="teardown()[pri:0, instance:com.CorwdTwistTestCases.CrowdTwistNewUserRegistrationTest@475530b9]" name="teardown" is-config="true" duration-ms="667" started-at="2018-09-07T09:48:46Z" finished-at="2018-09-07T09:48:46Z">
          <reporter-output>
          </reporter-output>
        </test-method> <!-- teardown -->
      </class> <!-- com.CorwdTwistTestCases.CrowdTwistNewUserRegistrationTest -->
    </test> <!-- Command line test -->
  </suite> <!-- Command line suite -->
</testng-results>
