-------------------------------------------------------------------------------
Test set: TestSuite
-------------------------------------------------------------------------------
Tests run: 2, Failures: 1, Errors: 0, Skipped: 0, Time elapsed: 61.947 sec <<< FAILURE!
NewUserRegistrationTest(com.CorwdTwistTestCases.CrowdTwistNewUserRegistrationTest)  Time elapsed: 30.389 sec  <<< FAILURE!
java.lang.NullPointerException
	at com.TestMethods.CrowdTwistNewUserRegistraionPage.NewUserRegistration(CrowdTwistNewUserRegistraionPage.java:82)
	at com.CorwdTwistTestCases.CrowdTwistNewUserRegistrationTest.NewUserRegistrationTest(CrowdTwistNewUserRegistrationTest.java:42)

